0 info it worked if it ends with ok
1 verbose cli [ '/usr/bin/node', '/usr/bin/npm', 'install', 'iconv', '-g' ]
2 info using npm@2.14.9
3 info using node@v0.12.10
4 verbose node symlink /usr/bin/node
5 verbose install initial load of /usr/lib/package.json
6 verbose readDependencies loading dependencies from /usr/lib/package.json
7 silly cache add args [ 'iconv', null ]
8 verbose cache add spec iconv
9 silly cache add parsed spec { raw: 'iconv',
9 silly cache add   scope: null,
9 silly cache add   name: 'iconv',
9 silly cache add   rawSpec: '',
9 silly cache add   spec: '*',
9 silly cache add   type: 'range' }
10 silly addNamed iconv@*
11 verbose addNamed "*" is a valid semver range for iconv
12 silly addNameRange { name: 'iconv', range: '*', hasData: false }
13 silly mapToRegistry name iconv
14 silly mapToRegistry using default registry
15 silly mapToRegistry registry https://registry.npmjs.org/
16 silly mapToRegistry uri https://registry.npmjs.org/iconv
17 verbose addNameRange registry:https://registry.npmjs.org/iconv not in flight; fetching
18 verbose request uri https://registry.npmjs.org/iconv
19 verbose request no auth needed
20 info attempt registry request try #1 at 10:03:57 PM
21 verbose request id a097d4665b14b534
22 http request GET https://registry.npmjs.org/iconv
23 http 200 https://registry.npmjs.org/iconv
24 verbose headers { server: 'CouchDB/1.5.0 (Erlang OTP/R16B03)',
24 verbose headers   etag: '"EGRX8IXXMCH22SGWLRB3UKA0J"',
24 verbose headers   'content-type': 'application/json',
24 verbose headers   'cache-control': 'max-age=300',
24 verbose headers   'content-length': '34982',
24 verbose headers   'accept-ranges': 'bytes',
24 verbose headers   date: 'Fri, 19 Feb 2016 13:03:59 GMT',
24 verbose headers   via: '1.1 varnish',
24 verbose headers   age: '82',
24 verbose headers   connection: 'keep-alive',
24 verbose headers   'x-served-by': 'cache-ams4126-AMS',
24 verbose headers   'x-cache': 'HIT',
24 verbose headers   'x-cache-hits': '1',
24 verbose headers   'x-timer': 'S1455887039.201765,VS0,VE0',
24 verbose headers   vary: 'Accept' }
25 silly get cb [ 200,
25 silly get   { server: 'CouchDB/1.5.0 (Erlang OTP/R16B03)',
25 silly get     etag: '"EGRX8IXXMCH22SGWLRB3UKA0J"',
25 silly get     'content-type': 'application/json',
25 silly get     'cache-control': 'max-age=300',
25 silly get     'content-length': '34982',
25 silly get     'accept-ranges': 'bytes',
25 silly get     date: 'Fri, 19 Feb 2016 13:03:59 GMT',
25 silly get     via: '1.1 varnish',
25 silly get     age: '82',
25 silly get     connection: 'keep-alive',
25 silly get     'x-served-by': 'cache-ams4126-AMS',
25 silly get     'x-cache': 'HIT',
25 silly get     'x-cache-hits': '1',
25 silly get     'x-timer': 'S1455887039.201765,VS0,VE0',
25 silly get     vary: 'Accept' } ]
26 verbose get saving iconv to /home/pi/.npm/registry.npmjs.org/iconv/.cache.json
27 silly addNameRange number 2 { name: 'iconv', range: '*', hasData: true }
28 silly addNameRange versions [ 'iconv',
28 silly addNameRange   [ '1.0.0',
28 silly addNameRange     '1.0.1',
28 silly addNameRange     '1.1.0',
28 silly addNameRange     '1.1.1',
28 silly addNameRange     '1.1.2',
28 silly addNameRange     '1.1.3',
28 silly addNameRange     '1.2.0',
28 silly addNameRange     '1.2.1',
28 silly addNameRange     '1.2.2',
28 silly addNameRange     '1.2.3',
28 silly addNameRange     '1.2.4',
28 silly addNameRange     '2.0.0',
28 silly addNameRange     '2.0.1',
28 silly addNameRange     '2.0.2',
28 silly addNameRange     '2.0.3',
28 silly addNameRange     '2.0.4',
28 silly addNameRange     '2.0.5',
28 silly addNameRange     '2.0.6',
28 silly addNameRange     '2.0.7',
28 silly addNameRange     '2.1.0',
28 silly addNameRange     '2.1.1',
28 silly addNameRange     '2.1.2',
28 silly addNameRange     '2.1.3',
28 silly addNameRange     '2.1.4',
28 silly addNameRange     '2.1.5',
28 silly addNameRange     '2.1.6',
28 silly addNameRange     '2.1.7',
28 silly addNameRange     '2.1.8',
28 silly addNameRange     '2.1.9',
28 silly addNameRange     '2.1.10',
28 silly addNameRange     '2.1.11' ] ]
29 silly addNamed iconv@2.1.11
30 verbose addNamed "2.1.11" is a plain semver version for iconv
31 silly mapToRegistry name iconv
32 silly mapToRegistry using default registry
33 silly mapToRegistry registry https://registry.npmjs.org/
34 silly mapToRegistry uri https://registry.npmjs.org/iconv
35 verbose addRemoteTarball https://registry.npmjs.org/iconv/-/iconv-2.1.11.tgz not in flight; adding
36 verbose addRemoteTarball [ 'https://registry.npmjs.org/iconv/-/iconv-2.1.11.tgz',
36 verbose addRemoteTarball   '5f5da93a643506f5ceaa8bd9c78d6174f8b9351a' ]
37 info retry fetch attempt 1 at 10:03:59 PM
38 info attempt registry request try #1 at 10:03:59 PM
39 http fetch GET https://registry.npmjs.org/iconv/-/iconv-2.1.11.tgz
40 http fetch 200 https://registry.npmjs.org/iconv/-/iconv-2.1.11.tgz
41 silly fetchAndShaCheck shasum 5f5da93a643506f5ceaa8bd9c78d6174f8b9351a
42 verbose addTmpTarball /tmp/npm-5117-fe593c4b/registry.npmjs.org/iconv/-/iconv-2.1.11.tgz not in flight; adding
43 verbose addTmpTarball already have metadata; skipping unpack for iconv@2.1.11
44 silly cache afterAdd iconv@2.1.11
45 verbose afterAdd /home/pi/.npm/iconv/2.1.11/package/package.json not in flight; writing
46 verbose afterAdd /home/pi/.npm/iconv/2.1.11/package/package.json written
47 silly install resolved [ { name: 'iconv',
47 silly install resolved     main: './lib/iconv',
47 silly install resolved     version: '2.1.11',
47 silly install resolved     description: 'Text recoding in JavaScript for fun and profit!',
47 silly install resolved     homepage: 'https://github.com/bnoordhuis/node-iconv',
47 silly install resolved     repository:
47 silly install resolved      { type: 'git',
47 silly install resolved        url: 'git://github.com/bnoordhuis/node-iconv.git' },
47 silly install resolved     author: { name: 'Ben Noordhuis', email: 'info@bnoordhuis.nl' },
47 silly install resolved     engines: { node: '>=0.8.0' },
47 silly install resolved     license: 'ISC',
47 silly install resolved     dependencies: { nan: '~2.0.4' },
47 silly install resolved     devDependencies: { tap: '~0.4.8' },
47 silly install resolved     scripts: { test: 'tap test/test-*.js', install: 'node-gyp rebuild' },
47 silly install resolved     gypfile: true,
47 silly install resolved     gitHead: '19d8cad518df5be88b47d634db15920debfaf69c',
47 silly install resolved     bugs: { url: 'https://github.com/bnoordhuis/node-iconv/issues' },
47 silly install resolved     _id: 'iconv@2.1.11',
47 silly install resolved     _shasum: '5f5da93a643506f5ceaa8bd9c78d6174f8b9351a',
47 silly install resolved     _from: 'iconv@*',
47 silly install resolved     _npmVersion: '2.14.4',
47 silly install resolved     _nodeVersion: '5.0.0-pre',
47 silly install resolved     _npmUser: { name: 'bnoordhuis', email: 'info@bnoordhuis.nl' },
47 silly install resolved     maintainers: [ [Object] ],
47 silly install resolved     dist:
47 silly install resolved      { shasum: '5f5da93a643506f5ceaa8bd9c78d6174f8b9351a',
47 silly install resolved        tarball: 'http://registry.npmjs.org/iconv/-/iconv-2.1.11.tgz' },
47 silly install resolved     directories: {},
47 silly install resolved     _resolved: 'https://registry.npmjs.org/iconv/-/iconv-2.1.11.tgz' } ]
48 info install iconv@2.1.11 into /usr/lib
49 info installOne iconv@2.1.11
50 verbose installOne of iconv to /usr/lib not in flight; installing
51 verbose lock using /home/pi/.npm/_locks/iconv-eaba915ebcd8f0d8.lock for /usr/lib/node_modules/iconv
52 silly install write writing iconv 2.1.11 to /usr/lib/node_modules/iconv
53 verbose unbuild lib/node_modules/iconv
54 silly gentlyRm /usr/lib/node_modules/iconv is being purged from base /usr
55 verbose gentlyRm don't care about contents; nuking /usr/lib/node_modules/iconv
56 verbose tar unpack /home/pi/.npm/iconv/2.1.11/package.tgz
57 verbose tar unpacking to /usr/lib/node_modules/iconv
58 silly gentlyRm /usr/lib/node_modules/iconv is being purged
59 verbose gentlyRm don't care about contents; nuking /usr/lib/node_modules/iconv
60 silly gunzTarPerm modes [ '755', '644' ]
61 error tar.unpack untar error /home/pi/.npm/iconv/2.1.11/package.tgz
62 verbose unlock done using /home/pi/.npm/_locks/iconv-eaba915ebcd8f0d8.lock for /usr/lib/node_modules/iconv
63 verbose fstream_path /usr/lib/node_modules/iconv
64 verbose fstream_type Directory
65 verbose fstream_class DirWriter
66 verbose stack Error: EACCES, mkdir '/usr/lib/node_modules/iconv'
66 verbose stack     at Error (native)
67 verbose fstream_stack /usr/lib/node_modules/npm/node_modules/fstream/lib/dir-writer.js:35:25
67 verbose fstream_stack /usr/lib/node_modules/npm/node_modules/mkdirp/index.js:47:53
67 verbose fstream_stack FSReqWrap.oncomplete (fs.js:95:15)
68 verbose cwd /home/pi/Desktop/danbi_server/danbi_server/routes
69 error Linux 4.1.17-v7+
70 error argv "/usr/bin/node" "/usr/bin/npm" "install" "iconv" "-g"
71 error node v0.12.10
72 error npm  v2.14.9
73 error path /usr/lib/node_modules/iconv
74 error code EACCES
75 error errno -13
76 error Error: EACCES, mkdir '/usr/lib/node_modules/iconv'
76 error     at Error (native)
76 error  { [Error: EACCES, mkdir '/usr/lib/node_modules/iconv']
76 error   errno: -13,
76 error   code: 'EACCES',
76 error   path: '/usr/lib/node_modules/iconv',
76 error   fstream_type: 'Directory',
76 error   fstream_path: '/usr/lib/node_modules/iconv',
76 error   fstream_class: 'DirWriter',
76 error   fstream_stack:
76 error    [ '/usr/lib/node_modules/npm/node_modules/fstream/lib/dir-writer.js:35:25',
76 error      '/usr/lib/node_modules/npm/node_modules/mkdirp/index.js:47:53',
76 error      'FSReqWrap.oncomplete (fs.js:95:15)' ] }
77 error Please try running this command again as root/Administrator.
78 verbose exit [ -13, true ]
79 verbose unbuild lib/node_modules/iconv
80 silly gentlyRm /usr/lib/node_modules/iconv is being purged from base /usr
81 verbose gentlyRm don't care about contents; nuking /usr/lib/node_modules/iconv
